[debug] [2018-11-22T22:49:47.797Z] ----------------------------------------------------------------------
[debug] [2018-11-22T22:49:47.800Z] Command:       D:\software\nodeJs\node.exe C:\Users\Yangyang luo\AppData\Roaming\npm\node_modules\firebase-tools\lib\bin\firebase.js init
[debug] [2018-11-22T22:49:47.800Z] CLI Version:   6.1.1
[debug] [2018-11-22T22:49:47.800Z] Platform:      win32
[debug] [2018-11-22T22:49:47.800Z] Node Version:  v10.13.0
[debug] [2018-11-22T22:49:47.801Z] Time:          Thu Nov 22 2018 16:49:47 GMT-0600 (GMT-06:00)
[debug] [2018-11-22T22:49:47.801Z] ----------------------------------------------------------------------
[debug] 
[debug] [2018-11-22T22:49:47.811Z] > command requires scopes: ["email","openid","https://www.googleapis.com/auth/cloudplatformprojects.readonly","https://www.googleapis.com/auth/firebase","https://www.googleapis.com/auth/cloud-platform"]
[debug] [2018-11-22T22:49:47.811Z] > authorizing via signed-in user
[info] 
     ######## #### ########  ######## ########     ###     ######  ########
     ##        ##  ##     ## ##       ##     ##  ##   ##  ##       ##
     ######    ##  ########  ######   ########  #########  ######  ######
     ##        ##  ##    ##  ##       ##     ## ##     ##       ## ##
     ##       #### ##     ## ######## ########  ##     ##  ######  ########

You're about to initialize a Firebase project in this directory:

  D:\lyy\UMN_2018\5117_Web\hwk_individual2

Before we get started, keep in mind:

  * You are initializing in an existing Firebase project directory

[info] 
=== Project Setup
[info] 
[info] First, let's associate this project directory with a Firebase project.
[info] You can create multiple project aliases by running firebase use --add, 
[info] but for now we'll just set up a default project.
[info] 
[info] i  .firebaserc already has a default project, skipping
[info] 
=== Hosting Setup
[info] 
[info] Your public directory is the folder (relative to your project directory) that
[info] will contain Hosting assets to be uploaded with firebase deploy. If you
[info] have a build process for your assets, use your build's output directory.
[info] 
